2020-03-10 04:07:17,779 INFO o.a.j.u.JMeterUtils: Setting Locale to en_EN
2020-03-10 04:07:17,851 INFO o.a.j.JMeter: Loading user properties from: user.properties
2020-03-10 04:07:17,851 INFO o.a.j.JMeter: Loading system properties from: system.properties
2020-03-10 04:07:17,855 INFO o.a.j.JMeter: Copyright (c) 1998-2019 The Apache Software Foundation
2020-03-10 04:07:17,855 INFO o.a.j.JMeter: Version 5.2.1
2020-03-10 04:07:17,855 INFO o.a.j.JMeter: java.version=1.8.0_222
2020-03-10 04:07:17,855 INFO o.a.j.JMeter: java.vm.name=OpenJDK 64-Bit Server VM
2020-03-10 04:07:17,855 INFO o.a.j.JMeter: os.name=Mac OS X
2020-03-10 04:07:17,855 INFO o.a.j.JMeter: os.arch=x86_64
2020-03-10 04:07:17,855 INFO o.a.j.JMeter: os.version=10.14.5
2020-03-10 04:07:17,855 INFO o.a.j.JMeter: file.encoding=UTF-8
2020-03-10 04:07:17,855 INFO o.a.j.JMeter: java.awt.headless=null
2020-03-10 04:07:17,856 INFO o.a.j.JMeter: Max memory     =1073741824
2020-03-10 04:07:17,856 INFO o.a.j.JMeter: Available Processors =4
2020-03-10 04:07:17,867 INFO o.a.j.JMeter: Default Locale=English (EN)
2020-03-10 04:07:17,868 INFO o.a.j.JMeter: JMeter  Locale=English (EN)
2020-03-10 04:07:17,868 INFO o.a.j.JMeter: JMeterHome=/Users/peppisch/openwhisk/apache-jmeter-5.2.1
2020-03-10 04:07:17,868 INFO o.a.j.JMeter: user.dir  =/Users/peppisch/openwhisk/apache-jmeter-5.2.1/bin
2020-03-10 04:07:17,868 INFO o.a.j.JMeter: PWD       =/Users/peppisch/openwhisk/apache-jmeter-5.2.1/bin
2020-03-10 04:07:17,874 INFO o.a.j.JMeter: IP: 192.168.178.9 Name: XIN858078 FullName: xin858078.fritz.box
2020-03-10 04:07:31,032 INFO o.a.j.g.a.LookAndFeelCommand: Installing Darcula LAF
2020-03-10 04:07:31,067 INFO o.a.j.g.a.LookAndFeelCommand: Using look and feel: com.bulenkov.darcula.DarculaLaf [Darcula]
2020-03-10 04:07:31,068 INFO o.a.j.JMeter: Setting LAF to: com.bulenkov.darcula.DarculaLaf
2020-03-10 04:07:31,245 INFO o.a.j.JMeter: Loaded icon properties from org/apache/jmeter/images/icon.properties
2020-03-10 04:07:34,644 INFO o.a.j.p.h.s.HTTPSamplerBase: Parser for text/html is org.apache.jmeter.protocol.http.parser.LagartoBasedHtmlParser
2020-03-10 04:07:34,644 INFO o.a.j.p.h.s.HTTPSamplerBase: Parser for application/xhtml+xml is org.apache.jmeter.protocol.http.parser.LagartoBasedHtmlParser
2020-03-10 04:07:34,644 INFO o.a.j.p.h.s.HTTPSamplerBase: Parser for application/xml is org.apache.jmeter.protocol.http.parser.LagartoBasedHtmlParser
2020-03-10 04:07:34,645 INFO o.a.j.p.h.s.HTTPSamplerBase: Parser for text/xml is org.apache.jmeter.protocol.http.parser.LagartoBasedHtmlParser
2020-03-10 04:07:34,645 INFO o.a.j.p.h.s.HTTPSamplerBase: Parser for text/vnd.wap.wml is org.apache.jmeter.protocol.http.parser.RegexpHTMLParser
2020-03-10 04:07:34,645 INFO o.a.j.p.h.s.HTTPSamplerBase: Parser for text/css is org.apache.jmeter.protocol.http.parser.CssParser
2020-03-10 04:07:35,384 INFO o.a.j.e.KeyToolUtils: keytool found at 'keytool'
2020-03-10 04:07:35,385 INFO o.a.j.p.h.p.ProxyControl: HTTP(S) Test Script Recorder SSL Proxy will use keys that support embedded 3rd party resources in file /Users/peppisch/openwhisk/apache-jmeter-5.2.1/bin/proxyserver.jks
2020-03-10 04:07:35,621 INFO o.a.j.s.FileServer: Default base='/Users/peppisch/openwhisk/apache-jmeter-5.2.1/bin'
2020-03-10 04:07:36,266 INFO o.a.j.s.SampleResult: Note: Sample TimeStamps are START times
2020-03-10 04:07:36,267 INFO o.a.j.s.SampleResult: sampleresult.default.encoding is set to ISO-8859-1
2020-03-10 04:07:36,267 INFO o.a.j.s.SampleResult: sampleresult.useNanoTime=true
2020-03-10 04:07:36,267 INFO o.a.j.s.SampleResult: sampleresult.nanoThreadSleep=5000
2020-03-10 04:07:36,305 INFO o.a.j.v.ViewResultsFullVisualizer: Add JavaFX to your Java installation if you want to use renderer: org.apache.jmeter.visualizers.RenderInBrowser
2020-03-10 04:08:37,424 INFO o.a.j.s.FileServer: Set new base='/Users/peppisch/openwhisk/apache-jmeter-5.2.1/bin'
2020-03-10 04:08:37,659 INFO o.a.j.s.SaveService: Testplan (JMX) version: 2.2. Testlog (JTL) version: 2.2
2020-03-10 04:08:37,679 INFO o.a.j.s.SaveService: Using SaveService properties file encoding UTF-8
2020-03-10 04:08:37,683 INFO o.a.j.s.SaveService: Using SaveService properties version 5.0
2020-03-10 04:14:17,466 INFO o.a.j.g.a.t.TemplateManager: Reading templates from: /Users/peppisch/openwhisk/apache-jmeter-5.2.1/bin/templates/templates.xml
2020-03-10 04:14:22,525 INFO o.a.j.g.a.Load: Loading file: /Users/peppisch/openwhisk/apache-jmeter-5.2.1/bin/Openwhisk Burst.jmx
2020-03-10 04:14:22,525 INFO o.a.j.s.FileServer: Set new base='/Users/peppisch/openwhisk/apache-jmeter-5.2.1/bin'
2020-03-10 04:14:22,526 INFO o.a.j.s.SaveService: Loading file: /Users/peppisch/openwhisk/apache-jmeter-5.2.1/bin/Openwhisk Burst.jmx
2020-03-10 04:14:22,560 INFO o.a.j.s.FileServer: Set new base='/Users/peppisch/openwhisk/apache-jmeter-5.2.1/bin'
